Flow report for kalkulator-integer-vhdl
Tue Dec  5 21:24:51 2023
Quartus Prime Version 22.1std.2 Build 922 07/20/2023 SC Lite Edition


---------------------
; Table of Contents ;
---------------------
  1. Legal Notice
  2. Flow Summary
  3. Flow Settings
  4. Flow Non-Default Global Settings
  5. Flow Elapsed Time
  6. Flow OS Summary
  7. Flow Log
  8. Flow Messages
  9. Flow Suppressed Messages



----------------
; Legal Notice ;
----------------
Copyright (C) 2023  Intel Corporation. All rights reserved.
Your use of Intel Corporation's design tools, logic functions 
and other software and tools, and any partner logic 
functions, and any output files from any of the foregoing 
(including device programming or simulation files), and any 
associated documentation or information are expressly subject 
to the terms and conditions of the Intel Program License 
Subscription Agreement, the Intel Quartus Prime License Agreement,
the Intel FPGA IP License Agreement, or other applicable license
agreement, including, without limitation, that your use is for
the sole purpose of programming logic devices manufactured by
Intel and sold by Intel or its authorized distributors.  Please
refer to the applicable agreement for further details, at
https://fpgasoftware.intel.com/eula.



+-------------------------------------------------------------------------------------+
; Flow Summary                                                                        ;
+------------------------------------+------------------------------------------------+
; Flow Status                        ; Successful - Tue Dec  5 21:24:50 2023          ;
; Quartus Prime Version              ; 22.1std.2 Build 922 07/20/2023 SC Lite Edition ;
; Revision Name                      ; kalkulator-integer-vhdl                        ;
; Top-level Entity Name              ; top_kalkulator_integer                         ;
; Family                             ; Cyclone IV E                                   ;
; Device                             ; EP4CE6E22C8                                    ;
; Timing Models                      ; Final                                          ;
; Total logic elements               ; 6,068 / 6,272 ( 97 % )                         ;
;     Total combinational functions  ; 5,725 / 6,272 ( 91 % )                         ;
;     Dedicated logic registers      ; 3,894 / 6,272 ( 62 % )                         ;
; Total registers                    ; 3894                                           ;
; Total pins                         ; 21 / 92 ( 23 % )                               ;
; Total virtual pins                 ; 0                                              ;
; Total memory bits                  ; 0 / 276,480 ( 0 % )                            ;
; Embedded Multiplier 9-bit elements ; 0 / 30 ( 0 % )                                 ;
; Total PLLs                         ; 0 / 2 ( 0 % )                                  ;
+------------------------------------+------------------------------------------------+


+---------------------------------------------+
; Flow Settings                               ;
+-------------------+-------------------------+
; Option            ; Setting                 ;
+-------------------+-------------------------+
; Start date & time ; 12/05/2023 21:22:36     ;
; Main task         ; Compilation             ;
; Revision Name     ; kalkulator-integer-vhdl ;
+-------------------+-------------------------+


+---------------------------------------------------------------------------------------------------------------------------------------------------------------------+
; Flow Non-Default Global Settings                                                                                                                                    ;
+-------------------------------------+----------------------------------------+-------------------------+------------------------+-----------------------------------+
; Assignment Name                     ; Value                                  ; Default Value           ; Entity Name            ; Section Id                        ;
+-------------------------------------+----------------------------------------+-------------------------+------------------------+-----------------------------------+
; COMPILER_SIGNATURE_ID               ; 1097274070554.170178615624976          ; --                      ; --                     ; --                                ;
; EDA_GENERATE_FUNCTIONAL_NETLIST     ; Off                                    ; --                      ; --                     ; eda_board_design_timing           ;
; EDA_GENERATE_FUNCTIONAL_NETLIST     ; Off                                    ; --                      ; --                     ; eda_board_design_boundary_scan    ;
; EDA_GENERATE_FUNCTIONAL_NETLIST     ; Off                                    ; --                      ; --                     ; eda_board_design_signal_integrity ;
; EDA_GENERATE_FUNCTIONAL_NETLIST     ; Off                                    ; --                      ; --                     ; eda_board_design_symbol           ;
; EDA_OUTPUT_DATA_FORMAT              ; Verilog Hdl                            ; --                      ; --                     ; eda_simulation                    ;
; EDA_SIMULATION_TOOL                 ; Questa Intel FPGA (Verilog)            ; <None>                  ; --                     ; --                                ;
; EDA_TIME_SCALE                      ; 1 ps                                   ; --                      ; --                     ; eda_simulation                    ;
; MAX_CORE_JUNCTION_TEMP              ; 85                                     ; --                      ; --                     ; --                                ;
; MIN_CORE_JUNCTION_TEMP              ; 0                                      ; --                      ; --                     ; --                                ;
; NOMINAL_CORE_SUPPLY_VOLTAGE         ; 1.2V                                   ; --                      ; --                     ; --                                ;
; PARTITION_COLOR                     ; -- (Not supported for targeted family) ; --                      ; top_kalkulator_integer ; Top                               ;
; PARTITION_FITTER_PRESERVATION_LEVEL ; -- (Not supported for targeted family) ; --                      ; top_kalkulator_integer ; Top                               ;
; PARTITION_NETLIST_TYPE              ; -- (Not supported for targeted family) ; --                      ; top_kalkulator_integer ; Top                               ;
; PROJECT_OUTPUT_DIRECTORY            ; output_files                           ; --                      ; --                     ; --                                ;
; TOP_LEVEL_ENTITY                    ; top_kalkulator_integer                 ; kalkulator-integer-vhdl ; --                     ; --                                ;
+-------------------------------------+----------------------------------------+-------------------------+------------------------+-----------------------------------+


+--------------------------------------------------------------------------------------------------------------------------+
; Flow Elapsed Time                                                                                                        ;
+----------------------+--------------+-------------------------+---------------------+------------------------------------+
; Module Name          ; Elapsed Time ; Average Processors Used ; Peak Virtual Memory ; Total CPU Time (on all processors) ;
+----------------------+--------------+-------------------------+---------------------+------------------------------------+
; Analysis & Synthesis ; 00:00:27     ; 1.0                     ; 4965 MB             ; 00:00:27                           ;
; Fitter               ; 00:01:27     ; 1.2                     ; 5922 MB             ; 00:01:04                           ;
; Assembler            ; 00:00:02     ; 1.0                     ; 4727 MB             ; 00:00:01                           ;
; Timing Analyzer      ; 00:00:09     ; 1.4                     ; 4899 MB             ; 00:00:05                           ;
; EDA Netlist Writer   ; 00:00:02     ; 1.0                     ; 4688 MB             ; 00:00:01                           ;
; Total                ; 00:02:07     ; --                      ; --                  ; 00:01:38                           ;
+----------------------+--------------+-------------------------+---------------------+------------------------------------+


+------------------------------------------------------------------------------------+
; Flow OS Summary                                                                    ;
+----------------------+------------------+------------+------------+----------------+
; Module Name          ; Machine Hostname ; OS Name    ; OS Version ; Processor type ;
+----------------------+------------------+------------+------------+----------------+
; Analysis & Synthesis ; Gluttony         ; Windows 10 ; 10.0       ; x86_64         ;
; Fitter               ; Gluttony         ; Windows 10 ; 10.0       ; x86_64         ;
; Assembler            ; Gluttony         ; Windows 10 ; 10.0       ; x86_64         ;
; Timing Analyzer      ; Gluttony         ; Windows 10 ; 10.0       ; x86_64         ;
; EDA Netlist Writer   ; Gluttony         ; Windows 10 ; 10.0       ; x86_64         ;
+----------------------+------------------+------------+------------+----------------+


------------
; Flow Log ;
------------
quartus_map --read_settings_files=on --write_settings_files=off kalkulator-integer-vhdl -c kalkulator-integer-vhdl
quartus_fit --read_settings_files=off --write_settings_files=off kalkulator-integer-vhdl -c kalkulator-integer-vhdl
quartus_asm --read_settings_files=off --write_settings_files=off kalkulator-integer-vhdl -c kalkulator-integer-vhdl
quartus_sta kalkulator-integer-vhdl -c kalkulator-integer-vhdl
quartus_eda --read_settings_files=off --write_settings_files=off kalkulator-integer-vhdl -c kalkulator-integer-vhdl



